<?xml version="1.0" encoding="UTF-8"?>
<!-- Generated by org.testng.reporters.JUnitReportReporter -->
<testsuite hostname="DESKTOP-JJ1EKC9" failures="0" tests="3" name="SeleniumGrid.testingBrowser" time="359.097" errors="0" timestamp="2025-09-14T09:11:27 IST" skipped="0">
  <testcase classname="SeleniumGrid.testingBrowser" name="CrossTesting" time="113.545"/>
  <testcase classname="SeleniumGrid.testingBrowser" name="CrossTesting" time="118.554"/>
  <testcase classname="SeleniumGrid.testingBrowser" name="CrossTesting" time="126.998"/>
</testsuite> <!-- SeleniumGrid.testingBrowser -->
