<?xml version="1.0" encoding="UTF-8"?>
<!-- Generated by org.testng.reporters.JUnitReportReporter -->
<testsuite hostname="DESKTOP-JJ1EKC9" failures="0" tests="3" name="SeleniumGrid.testingBrowser" time="118.729" errors="0" timestamp="2025-09-13T22:04:59 IST" skipped="0">
  <testcase classname="SeleniumGrid.testingBrowser" name="CrossTesting" time="39.106"/>
  <testcase classname="SeleniumGrid.testingBrowser" name="CrossTesting" time="18.653"/>
  <testcase classname="SeleniumGrid.testingBrowser" name="CrossTesting" time="60.970"/>
</testsuite> <!-- SeleniumGrid.testingBrowser -->
